        -:    0:Source:/home/vagrant/labs/lab-08-asio-client/tests/test.cpp
        -:    0:Graph:/home/vagrant/labs/lab-08-asio-client/_builds/gcc-7-cxx17-pic-Debug/CMakeFiles/tests.dir/tests/test.cpp.gcno
        -:    0:Data:/home/vagrant/labs/lab-08-asio-client/_builds/gcc-7-cxx17-pic-Debug/CMakeFiles/tests.dir/tests/test.cpp.gcda
        -:    0:Runs:1
        -:    0:Programs:1
        -:    1:// Copyright 2018 Your Name <your_email>
        -:    2:
        -:    3:#include <gtest/gtest.h>
        -:    4:
        -:    5:#include <client.hpp>
        -:    6:
        5:    7:TEST(Client, Test) {
        2:    8:    talk_to_svr talk("user_login");
        1:    9:    SUCCEED();
        4:   10:}
