TN:
SF:/home/vagrant/labs/lab-08-asio-client/include/client.hpp
FN:23,_ZN11talk_to_svrD2Ev
FN:24,_ZN11talk_to_svrC2ERKNSt7__cxx1112basic_stringIcSt11char_traitsIcESaIcEEE
FNDA:0,_ZN11talk_to_svrD2Ev
FNDA:0,_ZN11talk_to_svrC2ERKNSt7__cxx1112basic_stringIcSt11char_traitsIcESaIcEEE
FNF:2
FNH:0
DA:23,0
DA:24,0
DA:26,0
LF:3
LH:0
end_of_record
TN:
SF:/home/vagrant/labs/lab-08-asio-client/tests/test.cpp
FN:7,_ZN16Client_Test_TestD2Ev
FN:7,_ZN16Client_Test_Test8TestBodyEv
FN:7,_ZN16Client_Test_TestD0Ev
FN:7,_ZN16Client_Test_TestC2Ev
FN:10,_GLOBAL__sub_I_test.cpp
FN:10,_Z41__static_initialization_and_destruction_0ii
FNDA:0,_ZN16Client_Test_TestC2Ev
FNDA:0,_ZN16Client_Test_TestD0Ev
FNDA:0,_Z41__static_initialization_and_destruction_0ii
FNDA:0,_ZN16Client_Test_Test8TestBodyEv
FNDA:0,_GLOBAL__sub_I_test.cpp
FNDA:0,_ZN16Client_Test_TestD2Ev
FNF:6
FNH:0
DA:7,0
DA:8,0
DA:9,0
DA:10,0
LF:4
LH:0
end_of_record
